<?xml version="1.0" encoding="UTF-8"?>
<testng-results ignored="0" total="1" passed="1" failed="0" skipped="0">
  <reporter-output>
  </reporter-output>
  <suite started-at="2022-04-16T10:54:21 IST" name="Surefire suite" finished-at="2022-04-16T10:54:22 IST" duration-ms="44">
    <groups>
    </groups>
    <test started-at="2022-04-16T10:54:21 IST" name="Surefire test" finished-at="2022-04-16T10:54:22 IST" duration-ms="44">
      <class name="com.simplilearn.selenium.NewTest">
        <test-method signature="testEasy()[pri:0, instance:com.simplilearn.selenium.NewTest@68e5eea7]" started-at="2022-04-16T10:54:22 IST" name="testEasy" finished-at="2022-04-16T10:54:22 IST" duration-ms="6" status="PASS">
          <reporter-output>
          </reporter-output>
        </test-method> <!-- testEasy -->
      </class> <!-- com.simplilearn.selenium.NewTest -->
    </test> <!-- Surefire test -->
  </suite> <!-- Surefire suite -->
</testng-results>
