<?xml version="1.0" encoding="UTF-8"?>
<testng-results ignored="0" total="1" passed="1" failed="0" skipped="0">
  <reporter-output>
  </reporter-output>
  <suite started-at="2022-04-16T11:30:03 IST" name="Surefire suite" finished-at="2022-04-16T11:30:03 IST" duration-ms="9">
    <groups>
    </groups>
    <test started-at="2022-04-16T11:30:03 IST" name="Surefire test" finished-at="2022-04-16T11:30:03 IST" duration-ms="9">
      <class name="com.simplilearn.automatethewebapplication.AppTest">
        <test-method signature="testApp()[pri:0, instance:testApp(com.simplilearn.automatethewebapplication.AppTest)]" started-at="2022-04-16T11:30:03 IST" name="testApp" finished-at="2022-04-16T11:30:03 IST" duration-ms="1" status="PASS">
          <reporter-output>
          </reporter-output>
        </test-method> <!-- testApp -->
      </class> <!-- com.simplilearn.automatethewebapplication.AppTest -->
    </test> <!-- Surefire test -->
  </suite> <!-- Surefire suite -->
</testng-results>
