<?xml version="1.0" encoding="UTF-8"?>
<!-- Generated by org.testng.reporters.JUnitXMLReporter -->
<testsuite ignored="0" hostname="DESKTOP-0BKH9NL" failures="0" tests="2" name="Surefire test" time="27.142" errors="0" timestamp="2022-04-16T11:30:03 IST">
  <testcase classname="com.simplilearn.automatethewebapplication.LoginTest" name="loginTest" time="17.474"/>
  <testcase classname="com.simplilearn.automatethewebapplication.LoginTest" name="registrationTest" time="8.801"/>
</testsuite> <!-- Surefire test -->
