<?xml version="1.0" encoding="UTF-8"?>
<!-- Generated by org.testng.reporters.JUnitXMLReporter -->
<testsuite ignored="0" hostname="DESKTOP-0BKH9NL" failures="0" tests="3" name="Default test" time="15.047" errors="0" timestamp="2022-04-16T10:09:12 IST">
  <testcase classname="com.simplilearn.evaluatingtestcases.Assertion" name="launch" time="8.942"/>
  <testcase classname="com.simplilearn.evaluatingtestcases.Assertion" name="Facebook" time="2.763"/>
  <testcase classname="com.simplilearn.evaluatingtestcases.Assertion" name="Login" time="3.289"/>
</testsuite> <!-- Default test -->
