<?xml version="1.0" encoding="UTF-8"?>
<testng-results ignored="0" total="3" passed="3" failed="0" skipped="0">
  <reporter-output>
  </reporter-output>
  <suite started-at="2022-04-16T10:08:57 IST" name="Default suite" finished-at="2022-04-16T10:09:12 IST" duration-ms="15047">
    <groups>
    </groups>
    <test started-at="2022-04-16T10:08:57 IST" name="Default test" finished-at="2022-04-16T10:09:12 IST" duration-ms="15047">
      <class name="com.simplilearn.evaluatingtestcases.Assertion">
        <test-method signature="launch()[pri:0, instance:com.simplilearn.evaluatingtestcases.Assertion@4c163e3]" started-at="2022-04-16T10:08:57 IST" name="launch" finished-at="2022-04-16T10:09:06 IST" duration-ms="8942" status="PASS">
          <reporter-output>
          </reporter-output>
        </test-method> <!-- launch -->
        <test-method signature="Facebook()[pri:0, instance:com.simplilearn.evaluatingtestcases.Assertion@4c163e3]" started-at="2022-04-16T10:09:06 IST" name="Facebook" finished-at="2022-04-16T10:09:08 IST" depends-on-methods="com.simplilearn.evaluatingtestcases.Assertion.launch" duration-ms="2763" status="PASS">
          <reporter-output>
          </reporter-output>
        </test-method> <!-- Facebook -->
        <test-method signature="Login()[pri:0, instance:com.simplilearn.evaluatingtestcases.Assertion@4c163e3]" started-at="2022-04-16T10:09:08 IST" name="Login" finished-at="2022-04-16T10:09:12 IST" depends-on-methods="com.simplilearn.evaluatingtestcases.Assertion.Facebook" duration-ms="3289" status="PASS">
          <reporter-output>
          </reporter-output>
        </test-method> <!-- Login -->
      </class> <!-- com.simplilearn.evaluatingtestcases.Assertion -->
    </test> <!-- Default test -->
  </suite> <!-- Default suite -->
</testng-results>
