<?xml version="1.0" encoding="UTF-8"?>
<testng-results ignored="0" total="2" passed="2" failed="0" skipped="0">
  <reporter-output>
  </reporter-output>
  <suite started-at="2022-04-16T11:29:36 IST" name="Surefire suite" finished-at="2022-04-16T11:30:03 IST" duration-ms="27142">
    <groups>
    </groups>
    <test started-at="2022-04-16T11:29:36 IST" name="Surefire test" finished-at="2022-04-16T11:30:03 IST" duration-ms="27142">
      <class name="com.simplilearn.automatethewebapplication.LoginTest">
        <test-method signature="loginTest()[pri:0, instance:com.simplilearn.automatethewebapplication.LoginTest@28975c28]" started-at="2022-04-16T11:29:36 IST" name="loginTest" finished-at="2022-04-16T11:29:53 IST" duration-ms="17474" status="PASS">
          <reporter-output>
          </reporter-output>
        </test-method> <!-- loginTest -->
        <test-method signature="registrationTest()[pri:0, instance:com.simplilearn.automatethewebapplication.LoginTest@28975c28]" started-at="2022-04-16T11:29:53 IST" name="registrationTest" finished-at="2022-04-16T11:30:02 IST" duration-ms="8801" status="PASS">
          <reporter-output>
          </reporter-output>
        </test-method> <!-- registrationTest -->
        <test-method is-config="true" signature="afterTest()[pri:0, instance:com.simplilearn.automatethewebapplication.LoginTest@28975c28]" started-at="2022-04-16T11:30:02 IST" name="afterTest" finished-at="2022-04-16T11:30:03 IST" duration-ms="814" status="PASS">
          <reporter-output>
          </reporter-output>
        </test-method> <!-- afterTest -->
      </class> <!-- com.simplilearn.automatethewebapplication.LoginTest -->
    </test> <!-- Surefire test -->
  </suite> <!-- Surefire suite -->
</testng-results>
